2017-08-13 13:10:29.127  INFO 5720 --- [restartedMain] com.uci.ServerApplication                : Starting ServerApplication on DESKTOP-IOAC7IS with PID 5720 (D:\works\Java\jnm\ExpManager\ExperimentManager\target\classes started by aloha in D:\works\Java\jnm\ExpManager)
2017-08-13 13:10:29.127  INFO 5720 --- [restartedMain] com.uci.ServerApplication                : No active profile set, falling back to default profiles: default
2017-08-13 13:10:29.455  INFO 5720 --- [restartedMain] ationConfigEmbeddedWebApplicationContext : Refreshing org.springframework.boot.context.embedded.AnnotationConfigEmbeddedWebApplicationContext@6c7bbc2a: startup date [Sun Aug 13 13:10:29 CST 2017]; root of context hierarchy
2017-08-13 13:10:30.405  INFO 5720 --- [restartedMain] .s.d.r.c.RepositoryConfigurationDelegate : Multiple Spring Data modules found, entering strict repository configuration mode!
2017-08-13 13:10:30.791  INFO 5720 --- [restartedMain] trationDelegate$BeanPostProcessorChecker : Bean 'org.springframework.boot.autoconfigure.validation.ValidationAutoConfiguration' of type [class org.springframework.boot.autoconfigure.validation.ValidationAutoConfiguration] is not eligible for getting processed by all BeanPostProcessors (for example: not eligible for auto-proxying)
2017-08-13 13:10:30.875  INFO 5720 --- [restartedMain] trationDelegate$BeanPostProcessorChecker : Bean 'validator' of type [class org.springframework.validation.beanvalidation.LocalValidatorFactoryBean] is not eligible for getting processed by all BeanPostProcessors (for example: not eligible for auto-proxying)
2017-08-13 13:10:31.376  INFO 5720 --- [restartedMain] s.b.c.e.t.TomcatEmbeddedServletContainer : Tomcat initialized with port(s): 8001 (http)
2017-08-13 13:10:31.392  INFO 5720 --- [restartedMain] o.apache.catalina.core.StandardService   : Starting service Tomcat
2017-08-13 13:10:31.392  INFO 5720 --- [restartedMain] org.apache.catalina.core.StandardEngine  : Starting Servlet Engine: Apache Tomcat/8.5.11
2017-08-13 13:10:31.476  INFO 5720 --- [localhost-startStop-1] o.a.c.c.C.[Tomcat].[localhost].[/]       : Initializing Spring embedded WebApplicationContext
2017-08-13 13:10:31.476  INFO 5720 --- [localhost-startStop-1] o.s.web.context.ContextLoader            : Root WebApplicationContext: initialization completed in 2024 ms
2017-08-13 13:10:31.661  INFO 5720 --- [localhost-startStop-1] o.s.b.w.servlet.ServletRegistrationBean  : Mapping servlet: 'dispatcherServlet' to [/]
2017-08-13 13:10:31.661  INFO 5720 --- [localhost-startStop-1] o.s.b.w.servlet.FilterRegistrationBean   : Mapping filter: 'characterEncodingFilter' to: [/*]
2017-08-13 13:10:31.661  INFO 5720 --- [localhost-startStop-1] o.s.b.w.servlet.FilterRegistrationBean   : Mapping filter: 'hiddenHttpMethodFilter' to: [/*]
2017-08-13 13:10:31.661  INFO 5720 --- [localhost-startStop-1] o.s.b.w.servlet.FilterRegistrationBean   : Mapping filter: 'httpPutFormContentFilter' to: [/*]
2017-08-13 13:10:31.661  INFO 5720 --- [localhost-startStop-1] o.s.b.w.servlet.FilterRegistrationBean   : Mapping filter: 'requestContextFilter' to: [/*]
2017-08-13 13:10:31.661  INFO 5720 --- [localhost-startStop-1] o.s.b.w.servlet.FilterRegistrationBean   : Mapping filter: 'simpleCORSFilter' to: [/*]
2017-08-13 13:10:32.091  INFO 5720 --- [restartedMain] s.w.s.m.m.a.RequestMappingHandlerAdapter : Looking for @ControllerAdvice: org.springframework.boot.context.embedded.AnnotationConfigEmbeddedWebApplicationContext@6c7bbc2a: startup date [Sun Aug 13 13:10:29 CST 2017]; root of context hierarchy
2017-08-13 13:10:32.155  INFO 5720 --- [restartedMain] s.w.s.m.m.a.RequestMappingHandlerMapping : Mapped "{[/delete],methods=[POST]}" onto public com.uci.mode.Response com.uci.api.ExpManagerController.delete(java.lang.String)
2017-08-13 13:10:32.156  INFO 5720 --- [restartedMain] s.w.s.m.m.a.RequestMappingHandlerMapping : Mapped "{[/stop],methods=[POST]}" onto public com.uci.mode.Response com.uci.api.ExpManagerController.stop(java.lang.String)
2017-08-13 13:10:32.156  INFO 5720 --- [restartedMain] s.w.s.m.m.a.RequestMappingHandlerMapping : Mapped "{[/getAllChaosTypes],methods=[GET]}" onto public com.uci.mode.Response com.uci.api.ExpManagerController.getAllAttackTypes()
2017-08-13 13:10:32.156  INFO 5720 --- [restartedMain] s.w.s.m.m.a.RequestMappingHandlerMapping : Mapped "{[/getExpDetail],methods=[GET]}" onto public com.uci.mode.Response com.uci.api.ExpManagerController.getExpDetail(java.lang.String)
2017-08-13 13:10:32.157  INFO 5720 --- [restartedMain] s.w.s.m.m.a.RequestMappingHandlerMapping : Mapped "{[/getAllVersons],methods=[GET]}" onto public com.uci.mode.Response com.uci.api.ExpManagerController.getVersions()
2017-08-13 13:10:32.157  INFO 5720 --- [restartedMain] s.w.s.m.m.a.RequestMappingHandlerMapping : Mapped "{[/submit],methods=[POST]}" onto public com.uci.mode.Response com.uci.api.ExpManagerController.sumbit(java.lang.String,java.lang.String,java.lang.Integer,java.lang.String,java.lang.Integer,java.lang.String,java.util.List<java.lang.String>,java.lang.String)
2017-08-13 13:10:32.157  INFO 5720 --- [restartedMain] s.w.s.m.m.a.RequestMappingHandlerMapping : Mapped "{[/getAllExps],methods=[GET]}" onto public com.uci.mode.Response com.uci.api.ExpManagerController.getAllExps()
2017-08-13 13:10:32.160  INFO 5720 --- [restartedMain] s.w.s.m.m.a.RequestMappingHandlerMapping : Mapped "{[/error]}" onto public org.springframework.http.ResponseEntity<java.util.Map<java.lang.String, java.lang.Object>> org.springframework.boot.autoconfigure.web.BasicErrorController.error(javax.servlet.http.HttpServletRequest)
2017-08-13 13:10:32.161  INFO 5720 --- [restartedMain] s.w.s.m.m.a.RequestMappingHandlerMapping : Mapped "{[/error],produces=[text/html]}" onto public org.springframework.web.servlet.ModelAndView org.springframework.boot.autoconfigure.web.BasicErrorController.errorHtml(javax.servlet.http.HttpServletRequest,javax.servlet.http.HttpServletResponse)
2017-08-13 13:10:32.206  INFO 5720 --- [restartedMain] o.s.w.s.handler.SimpleUrlHandlerMapping  : Mapped URL path [/webjars/**] onto handler of type [class org.springframework.web.servlet.resource.ResourceHttpRequestHandler]
2017-08-13 13:10:32.206  INFO 5720 --- [restartedMain] o.s.w.s.handler.SimpleUrlHandlerMapping  : Mapped URL path [/**] onto handler of type [class org.springframework.web.servlet.resource.ResourceHttpRequestHandler]
2017-08-13 13:10:32.256  INFO 5720 --- [restartedMain] o.s.w.s.handler.SimpleUrlHandlerMapping  : Mapped URL path [/**/favicon.ico] onto handler of type [class org.springframework.web.servlet.resource.ResourceHttpRequestHandler]
2017-08-13 13:10:32.559  INFO 5720 --- [restartedMain] oConfiguration$WelcomePageHandlerMapping : Adding welcome page: class path resource [static/index.html]
2017-08-13 13:10:32.944  INFO 5720 --- [restartedMain] o.s.b.d.a.OptionalLiveReloadServer       : LiveReload server is running on port 35729
2017-08-13 13:10:33.114  INFO 5720 --- [restartedMain] o.s.j.e.a.AnnotationMBeanExporter        : Registering beans for JMX exposure on startup
2017-08-13 13:10:33.196  INFO 5720 --- [restartedMain] s.b.c.e.t.TomcatEmbeddedServletContainer : Tomcat started on port(s): 8001 (http)
2017-08-13 13:10:33.201  INFO 5720 --- [restartedMain] com.uci.ServerApplication                : Started ServerApplication in 4.427 seconds (JVM running for 5.092)
2017-08-13 13:12:39.755  INFO 5720 --- [http-nio-8001-exec-1] o.a.c.c.C.[Tomcat].[localhost].[/]       : Initializing Spring FrameworkServlet 'dispatcherServlet'
2017-08-13 13:12:39.756  INFO 5720 --- [http-nio-8001-exec-1] o.s.web.servlet.DispatcherServlet        : FrameworkServlet 'dispatcherServlet': initialization started
2017-08-13 13:12:39.780  INFO 5720 --- [http-nio-8001-exec-1] o.s.web.servlet.DispatcherServlet        : FrameworkServlet 'dispatcherServlet': initialization completed in 24 ms
2017-08-13 17:12:58.869  INFO 10764 --- [restartedMain] com.uci.ServerApplication                : Starting ServerApplication on DESKTOP-IOAC7IS with PID 10764 (D:\works\Java\jnm\ExpManager\ExperimentManager\target\classes started by aloha in D:\works\Java\jnm\ExpManager)
2017-08-13 17:12:58.869  INFO 10764 --- [restartedMain] com.uci.ServerApplication                : No active profile set, falling back to default profiles: default
2017-08-13 17:13:02.437  INFO 10764 --- [restartedMain] ationConfigEmbeddedWebApplicationContext : Refreshing org.springframework.boot.context.embedded.AnnotationConfigEmbeddedWebApplicationContext@5a233dce: startup date [Sun Aug 13 17:13:02 CST 2017]; root of context hierarchy
2017-08-13 17:13:03.837  INFO 10764 --- [restartedMain] .s.d.r.c.RepositoryConfigurationDelegate : Multiple Spring Data modules found, entering strict repository configuration mode!
2017-08-13 17:13:04.323  INFO 10764 --- [restartedMain] trationDelegate$BeanPostProcessorChecker : Bean 'org.springframework.boot.autoconfigure.validation.ValidationAutoConfiguration' of type [class org.springframework.boot.autoconfigure.validation.ValidationAutoConfiguration] is not eligible for getting processed by all BeanPostProcessors (for example: not eligible for auto-proxying)
2017-08-13 17:13:04.423  INFO 10764 --- [restartedMain] trationDelegate$BeanPostProcessorChecker : Bean 'validator' of type [class org.springframework.validation.beanvalidation.LocalValidatorFactoryBean] is not eligible for getting processed by all BeanPostProcessors (for example: not eligible for auto-proxying)
2017-08-13 17:13:06.793  INFO 10764 --- [restartedMain] s.b.c.e.t.TomcatEmbeddedServletContainer : Tomcat initialized with port(s): 8001 (http)
2017-08-13 17:13:06.825  INFO 10764 --- [restartedMain] o.apache.catalina.core.StandardService   : Starting service Tomcat
2017-08-13 17:13:06.825  INFO 10764 --- [restartedMain] org.apache.catalina.core.StandardEngine  : Starting Servlet Engine: Apache Tomcat/8.5.11
2017-08-13 17:13:06.994  INFO 10764 --- [localhost-startStop-1] o.a.c.c.C.[Tomcat].[localhost].[/]       : Initializing Spring embedded WebApplicationContext
2017-08-13 17:13:06.994  INFO 10764 --- [localhost-startStop-1] o.s.web.context.ContextLoader            : Root WebApplicationContext: initialization completed in 4674 ms
2017-08-13 17:13:07.175  INFO 10764 --- [localhost-startStop-1] o.s.b.w.servlet.ServletRegistrationBean  : Mapping servlet: 'dispatcherServlet' to [/]
2017-08-13 17:13:07.179  INFO 10764 --- [localhost-startStop-1] o.s.b.w.servlet.FilterRegistrationBean   : Mapping filter: 'characterEncodingFilter' to: [/*]
2017-08-13 17:13:07.180  INFO 10764 --- [localhost-startStop-1] o.s.b.w.servlet.FilterRegistrationBean   : Mapping filter: 'hiddenHttpMethodFilter' to: [/*]
2017-08-13 17:13:07.180  INFO 10764 --- [localhost-startStop-1] o.s.b.w.servlet.FilterRegistrationBean   : Mapping filter: 'httpPutFormContentFilter' to: [/*]
2017-08-13 17:13:07.180  INFO 10764 --- [localhost-startStop-1] o.s.b.w.servlet.FilterRegistrationBean   : Mapping filter: 'requestContextFilter' to: [/*]
2017-08-13 17:13:07.180  INFO 10764 --- [localhost-startStop-1] o.s.b.w.servlet.FilterRegistrationBean   : Mapping filter: 'simpleCORSFilter' to: [/*]
2017-08-13 17:13:07.694  INFO 10764 --- [restartedMain] s.w.s.m.m.a.RequestMappingHandlerAdapter : Looking for @ControllerAdvice: org.springframework.boot.context.embedded.AnnotationConfigEmbeddedWebApplicationContext@5a233dce: startup date [Sun Aug 13 17:13:02 CST 2017]; root of context hierarchy
2017-08-13 17:13:07.777  INFO 10764 --- [restartedMain] s.w.s.m.m.a.RequestMappingHandlerMapping : Mapped "{[/delete],methods=[POST]}" onto public com.uci.mode.Response com.uci.api.ExpManagerController.delete(java.lang.String)
2017-08-13 17:13:07.778  INFO 10764 --- [restartedMain] s.w.s.m.m.a.RequestMappingHandlerMapping : Mapped "{[/stop],methods=[POST]}" onto public com.uci.mode.Response com.uci.api.ExpManagerController.stop(java.lang.String)
2017-08-13 17:13:07.778  INFO 10764 --- [restartedMain] s.w.s.m.m.a.RequestMappingHandlerMapping : Mapped "{[/getExpDetail],methods=[GET]}" onto public com.uci.mode.Response com.uci.api.ExpManagerController.getExpDetail(java.lang.String)
2017-08-13 17:13:07.779  INFO 10764 --- [restartedMain] s.w.s.m.m.a.RequestMappingHandlerMapping : Mapped "{[/submit],methods=[POST]}" onto public com.uci.mode.Response com.uci.api.ExpManagerController.sumbit(java.lang.String,java.lang.String,java.lang.Integer,java.lang.String,java.lang.Integer,java.lang.String,java.util.List<java.lang.String>,java.lang.String)
2017-08-13 17:13:07.779  INFO 10764 --- [restartedMain] s.w.s.m.m.a.RequestMappingHandlerMapping : Mapped "{[/getAllVersons],methods=[GET]}" onto public com.uci.mode.Response com.uci.api.ExpManagerController.getVersions()
2017-08-13 17:13:07.779  INFO 10764 --- [restartedMain] s.w.s.m.m.a.RequestMappingHandlerMapping : Mapped "{[/getAllExps],methods=[GET]}" onto public com.uci.mode.Response com.uci.api.ExpManagerController.getAllExps()
2017-08-13 17:13:07.779  INFO 10764 --- [restartedMain] s.w.s.m.m.a.RequestMappingHandlerMapping : Mapped "{[/getAllChaosTypes],methods=[GET]}" onto public com.uci.mode.Response com.uci.api.ExpManagerController.getAllAttackTypes()
2017-08-13 17:13:07.779  INFO 10764 --- [restartedMain] s.w.s.m.m.a.RequestMappingHandlerMapping : Mapped "{[/error]}" onto public org.springframework.http.ResponseEntity<java.util.Map<java.lang.String, java.lang.Object>> org.springframework.boot.autoconfigure.web.BasicErrorController.error(javax.servlet.http.HttpServletRequest)
2017-08-13 17:13:07.779  INFO 10764 --- [restartedMain] s.w.s.m.m.a.RequestMappingHandlerMapping : Mapped "{[/error],produces=[text/html]}" onto public org.springframework.web.servlet.ModelAndView org.springframework.boot.autoconfigure.web.BasicErrorController.errorHtml(javax.servlet.http.HttpServletRequest,javax.servlet.http.HttpServletResponse)
2017-08-13 17:13:07.823  INFO 10764 --- [restartedMain] o.s.w.s.handler.SimpleUrlHandlerMapping  : Mapped URL path [/webjars/**] onto handler of type [class org.springframework.web.servlet.resource.ResourceHttpRequestHandler]
2017-08-13 17:13:07.823  INFO 10764 --- [restartedMain] o.s.w.s.handler.SimpleUrlHandlerMapping  : Mapped URL path [/**] onto handler of type [class org.springframework.web.servlet.resource.ResourceHttpRequestHandler]
2017-08-13 17:13:07.879  INFO 10764 --- [restartedMain] o.s.w.s.handler.SimpleUrlHandlerMapping  : Mapped URL path [/**/favicon.ico] onto handler of type [class org.springframework.web.servlet.resource.ResourceHttpRequestHandler]
2017-08-13 17:13:08.311  INFO 10764 --- [restartedMain] oConfiguration$WelcomePageHandlerMapping : Adding welcome page: class path resource [static/index.html]
2017-08-13 17:13:08.759  INFO 10764 --- [restartedMain] o.s.b.d.a.OptionalLiveReloadServer       : LiveReload server is running on port 35729
2017-08-13 17:13:08.949  INFO 10764 --- [restartedMain] o.s.j.e.a.AnnotationMBeanExporter        : Registering beans for JMX exposure on startup
2017-08-13 17:13:09.013  INFO 10764 --- [restartedMain] s.b.c.e.t.TomcatEmbeddedServletContainer : Tomcat started on port(s): 8001 (http)
2017-08-13 17:13:09.029  INFO 10764 --- [restartedMain] com.uci.ServerApplication                : Started ServerApplication in 11.071 seconds (JVM running for 17.041)
2017-08-13 17:13:50.980  INFO 10764 --- [http-nio-8001-exec-1] o.a.c.c.C.[Tomcat].[localhost].[/]       : Initializing Spring FrameworkServlet 'dispatcherServlet'
2017-08-13 17:13:50.981  INFO 10764 --- [http-nio-8001-exec-1] o.s.web.servlet.DispatcherServlet        : FrameworkServlet 'dispatcherServlet': initialization started
2017-08-13 17:13:51.004  INFO 10764 --- [http-nio-8001-exec-1] o.s.web.servlet.DispatcherServlet        : FrameworkServlet 'dispatcherServlet': initialization completed in 23 ms
2017-08-13 17:35:19.724  INFO 7564 --- [restartedMain] com.uci.ServerApplication                : Starting ServerApplication on DESKTOP-IOAC7IS with PID 7564 (D:\works\Java\jnm\ExpManager\ExperimentManager\target\classes started by aloha in D:\works\Java\jnm\ExpManager)
2017-08-13 17:35:19.724  INFO 7564 --- [restartedMain] com.uci.ServerApplication                : No active profile set, falling back to default profiles: default
2017-08-13 17:35:20.842  INFO 7564 --- [restartedMain] ationConfigEmbeddedWebApplicationContext : Refreshing org.springframework.boot.context.embedded.AnnotationConfigEmbeddedWebApplicationContext@e340f11: startup date [Sun Aug 13 17:35:20 CST 2017]; root of context hierarchy
2017-08-13 17:35:26.995  INFO 7564 --- [restartedMain] .s.d.r.c.RepositoryConfigurationDelegate : Multiple Spring Data modules found, entering strict repository configuration mode!
2017-08-13 17:35:27.449  INFO 7564 --- [restartedMain] trationDelegate$BeanPostProcessorChecker : Bean 'org.springframework.boot.autoconfigure.validation.ValidationAutoConfiguration' of type [class org.springframework.boot.autoconfigure.validation.ValidationAutoConfiguration] is not eligible for getting processed by all BeanPostProcessors (for example: not eligible for auto-proxying)
2017-08-13 17:35:27.549  INFO 7564 --- [restartedMain] trationDelegate$BeanPostProcessorChecker : Bean 'validator' of type [class org.springframework.validation.beanvalidation.LocalValidatorFactoryBean] is not eligible for getting processed by all BeanPostProcessors (for example: not eligible for auto-proxying)
2017-08-13 17:35:29.336  INFO 7564 --- [restartedMain] s.b.c.e.t.TomcatEmbeddedServletContainer : Tomcat initialized with port(s): 8001 (http)
2017-08-13 17:35:29.352  INFO 7564 --- [restartedMain] o.apache.catalina.core.StandardService   : Starting service Tomcat
2017-08-13 17:35:29.352  INFO 7564 --- [restartedMain] org.apache.catalina.core.StandardEngine  : Starting Servlet Engine: Apache Tomcat/8.5.11
2017-08-13 17:35:29.514  INFO 7564 --- [localhost-startStop-1] o.a.c.c.C.[Tomcat].[localhost].[/]       : Initializing Spring embedded WebApplicationContext
2017-08-13 17:35:29.514  INFO 7564 --- [localhost-startStop-1] o.s.web.context.ContextLoader            : Root WebApplicationContext: initialization completed in 8691 ms
2017-08-13 17:35:29.699  INFO 7564 --- [localhost-startStop-1] o.s.b.w.servlet.ServletRegistrationBean  : Mapping servlet: 'dispatcherServlet' to [/]
2017-08-13 17:35:29.699  INFO 7564 --- [localhost-startStop-1] o.s.b.w.servlet.FilterRegistrationBean   : Mapping filter: 'characterEncodingFilter' to: [/*]
2017-08-13 17:35:29.699  INFO 7564 --- [localhost-startStop-1] o.s.b.w.servlet.FilterRegistrationBean   : Mapping filter: 'hiddenHttpMethodFilter' to: [/*]
2017-08-13 17:35:29.699  INFO 7564 --- [localhost-startStop-1] o.s.b.w.servlet.FilterRegistrationBean   : Mapping filter: 'httpPutFormContentFilter' to: [/*]
2017-08-13 17:35:29.699  INFO 7564 --- [localhost-startStop-1] o.s.b.w.servlet.FilterRegistrationBean   : Mapping filter: 'requestContextFilter' to: [/*]
2017-08-13 17:35:29.699  INFO 7564 --- [localhost-startStop-1] o.s.b.w.servlet.FilterRegistrationBean   : Mapping filter: 'simpleCORSFilter' to: [/*]
2017-08-13 17:35:30.184  INFO 7564 --- [restartedMain] s.w.s.m.m.a.RequestMappingHandlerAdapter : Looking for @ControllerAdvice: org.springframework.boot.context.embedded.AnnotationConfigEmbeddedWebApplicationContext@e340f11: startup date [Sun Aug 13 17:35:20 CST 2017]; root of context hierarchy
2017-08-13 17:35:30.269  INFO 7564 --- [restartedMain] s.w.s.m.m.a.RequestMappingHandlerMapping : Mapped "{[/delete],methods=[POST]}" onto public com.uci.mode.Response com.uci.api.ExpManagerController.delete(java.lang.String)
2017-08-13 17:35:30.269  INFO 7564 --- [restartedMain] s.w.s.m.m.a.RequestMappingHandlerMapping : Mapped "{[/stop],methods=[POST]}" onto public com.uci.mode.Response com.uci.api.ExpManagerController.stop(java.lang.String)
2017-08-13 17:35:30.269  INFO 7564 --- [restartedMain] s.w.s.m.m.a.RequestMappingHandlerMapping : Mapped "{[/getAllChaosTypes],methods=[GET]}" onto public com.uci.mode.Response com.uci.api.ExpManagerController.getAllAttackTypes()
2017-08-13 17:35:30.269  INFO 7564 --- [restartedMain] s.w.s.m.m.a.RequestMappingHandlerMapping : Mapped "{[/submit],methods=[POST]}" onto public com.uci.mode.Response com.uci.api.ExpManagerController.sumbit(java.lang.String,java.lang.String,java.lang.Integer,java.lang.String,java.lang.Integer,java.lang.String,java.util.List<java.lang.String>,java.lang.String)
2017-08-13 17:35:30.269  INFO 7564 --- [restartedMain] s.w.s.m.m.a.RequestMappingHandlerMapping : Mapped "{[/getExpDetail],methods=[GET]}" onto public com.uci.mode.Response com.uci.api.ExpManagerController.getExpDetail(java.lang.String)
2017-08-13 17:35:30.284  INFO 7564 --- [restartedMain] s.w.s.m.m.a.RequestMappingHandlerMapping : Mapped "{[/getAllVersons],methods=[GET]}" onto public com.uci.mode.Response com.uci.api.ExpManagerController.getVersions()
2017-08-13 17:35:30.284  INFO 7564 --- [restartedMain] s.w.s.m.m.a.RequestMappingHandlerMapping : Mapped "{[/getAllExps],methods=[GET]}" onto public com.uci.mode.Response com.uci.api.ExpManagerController.getAllExps()
2017-08-13 17:35:30.284  INFO 7564 --- [restartedMain] s.w.s.m.m.a.RequestMappingHandlerMapping : Mapped "{[/error]}" onto public org.springframework.http.ResponseEntity<java.util.Map<java.lang.String, java.lang.Object>> org.springframework.boot.autoconfigure.web.BasicErrorController.error(javax.servlet.http.HttpServletRequest)
2017-08-13 17:35:30.284  INFO 7564 --- [restartedMain] s.w.s.m.m.a.RequestMappingHandlerMapping : Mapped "{[/error],produces=[text/html]}" onto public org.springframework.web.servlet.ModelAndView org.springframework.boot.autoconfigure.web.BasicErrorController.errorHtml(javax.servlet.http.HttpServletRequest,javax.servlet.http.HttpServletResponse)
2017-08-13 17:35:30.333  INFO 7564 --- [restartedMain] o.s.w.s.handler.SimpleUrlHandlerMapping  : Mapped URL path [/webjars/**] onto handler of type [class org.springframework.web.servlet.resource.ResourceHttpRequestHandler]
2017-08-13 17:35:30.333  INFO 7564 --- [restartedMain] o.s.w.s.handler.SimpleUrlHandlerMapping  : Mapped URL path [/**] onto handler of type [class org.springframework.web.servlet.resource.ResourceHttpRequestHandler]
2017-08-13 17:35:30.385  INFO 7564 --- [restartedMain] o.s.w.s.handler.SimpleUrlHandlerMapping  : Mapped URL path [/**/favicon.ico] onto handler of type [class org.springframework.web.servlet.resource.ResourceHttpRequestHandler]
2017-08-13 17:35:30.754  INFO 7564 --- [restartedMain] oConfiguration$WelcomePageHandlerMapping : Adding welcome page: class path resource [static/index.html]
2017-08-13 17:35:31.340  INFO 7564 --- [restartedMain] o.s.b.d.a.OptionalLiveReloadServer       : LiveReload server is running on port 35729
2017-08-13 17:35:31.541  INFO 7564 --- [restartedMain] o.s.j.e.a.AnnotationMBeanExporter        : Registering beans for JMX exposure on startup
2017-08-13 17:35:31.587  INFO 7564 --- [restartedMain] s.b.c.e.t.TomcatEmbeddedServletContainer : Tomcat started on port(s): 8001 (http)
2017-08-13 17:35:31.603  INFO 7564 --- [restartedMain] com.uci.ServerApplication                : Started ServerApplication in 13.433 seconds (JVM running for 17.705)
2017-08-13 17:35:48.365  INFO 7564 --- [http-nio-8001-exec-1] o.a.c.c.C.[Tomcat].[localhost].[/]       : Initializing Spring FrameworkServlet 'dispatcherServlet'
2017-08-13 17:35:48.365  INFO 7564 --- [http-nio-8001-exec-1] o.s.web.servlet.DispatcherServlet        : FrameworkServlet 'dispatcherServlet': initialization started
2017-08-13 17:35:48.388  INFO 7564 --- [http-nio-8001-exec-1] o.s.web.servlet.DispatcherServlet        : FrameworkServlet 'dispatcherServlet': initialization completed in 23 ms
2017-08-13 18:17:08.259  INFO 8128 --- [restartedMain] com.uci.ServerApplication                : Starting ServerApplication on DESKTOP-IOAC7IS with PID 8128 (D:\works\Java\jnm\ExpManager\ExperimentManager\target\classes started by aloha in D:\works\Java\jnm\ExpManager)
2017-08-13 18:17:08.259  INFO 8128 --- [restartedMain] com.uci.ServerApplication                : No active profile set, falling back to default profiles: default
2017-08-13 18:17:09.588  INFO 8128 --- [restartedMain] ationConfigEmbeddedWebApplicationContext : Refreshing org.springframework.boot.context.embedded.AnnotationConfigEmbeddedWebApplicationContext@53fda779: startup date [Sun Aug 13 18:17:09 CST 2017]; root of context hierarchy
2017-08-13 18:17:10.513  INFO 8128 --- [restartedMain] .s.d.r.c.RepositoryConfigurationDelegate : Multiple Spring Data modules found, entering strict repository configuration mode!
2017-08-13 18:17:10.876  INFO 8128 --- [restartedMain] trationDelegate$BeanPostProcessorChecker : Bean 'org.springframework.boot.autoconfigure.validation.ValidationAutoConfiguration' of type [class org.springframework.boot.autoconfigure.validation.ValidationAutoConfiguration] is not eligible for getting processed by all BeanPostProcessors (for example: not eligible for auto-proxying)
2017-08-13 18:17:10.961  INFO 8128 --- [restartedMain] trationDelegate$BeanPostProcessorChecker : Bean 'validator' of type [class org.springframework.validation.beanvalidation.LocalValidatorFactoryBean] is not eligible for getting processed by all BeanPostProcessors (for example: not eligible for auto-proxying)
2017-08-13 18:17:11.395  INFO 8128 --- [restartedMain] s.b.c.e.t.TomcatEmbeddedServletContainer : Tomcat initialized with port(s): 8001 (http)
2017-08-13 18:17:11.414  INFO 8128 --- [restartedMain] o.apache.catalina.core.StandardService   : Starting service Tomcat
2017-08-13 18:17:11.414  INFO 8128 --- [restartedMain] org.apache.catalina.core.StandardEngine  : Starting Servlet Engine: Apache Tomcat/8.5.11
2017-08-13 18:17:11.514  INFO 8128 --- [localhost-startStop-1] o.a.c.c.C.[Tomcat].[localhost].[/]       : Initializing Spring embedded WebApplicationContext
2017-08-13 18:17:11.514  INFO 8128 --- [localhost-startStop-1] o.s.web.context.ContextLoader            : Root WebApplicationContext: initialization completed in 1954 ms
2017-08-13 18:17:11.677  INFO 8128 --- [localhost-startStop-1] o.s.b.w.servlet.ServletRegistrationBean  : Mapping servlet: 'dispatcherServlet' to [/]
2017-08-13 18:17:11.693  INFO 8128 --- [localhost-startStop-1] o.s.b.w.servlet.FilterRegistrationBean   : Mapping filter: 'characterEncodingFilter' to: [/*]
2017-08-13 18:17:11.693  INFO 8128 --- [localhost-startStop-1] o.s.b.w.servlet.FilterRegistrationBean   : Mapping filter: 'hiddenHttpMethodFilter' to: [/*]
2017-08-13 18:17:11.693  INFO 8128 --- [localhost-startStop-1] o.s.b.w.servlet.FilterRegistrationBean   : Mapping filter: 'httpPutFormContentFilter' to: [/*]
2017-08-13 18:17:11.693  INFO 8128 --- [localhost-startStop-1] o.s.b.w.servlet.FilterRegistrationBean   : Mapping filter: 'requestContextFilter' to: [/*]
2017-08-13 18:17:11.693  INFO 8128 --- [localhost-startStop-1] o.s.b.w.servlet.FilterRegistrationBean   : Mapping filter: 'simpleCORSFilter' to: [/*]
2017-08-13 18:17:12.063  INFO 8128 --- [restartedMain] s.w.s.m.m.a.RequestMappingHandlerAdapter : Looking for @ControllerAdvice: org.springframework.boot.context.embedded.AnnotationConfigEmbeddedWebApplicationContext@53fda779: startup date [Sun Aug 13 18:17:09 CST 2017]; root of context hierarchy
2017-08-13 18:17:12.116  INFO 8128 --- [restartedMain] s.w.s.m.m.a.RequestMappingHandlerMapping : Mapped "{[/delete],methods=[POST]}" onto public com.uci.mode.Response com.uci.api.ExpManagerController.delete(java.lang.String)
2017-08-13 18:17:12.116  INFO 8128 --- [restartedMain] s.w.s.m.m.a.RequestMappingHandlerMapping : Mapped "{[/stop],methods=[POST]}" onto public com.uci.mode.Response com.uci.api.ExpManagerController.stop(java.lang.String)
2017-08-13 18:17:12.116  INFO 8128 --- [restartedMain] s.w.s.m.m.a.RequestMappingHandlerMapping : Mapped "{[/submit],methods=[POST]}" onto public com.uci.mode.Response com.uci.api.ExpManagerController.sumbit(java.lang.String,java.lang.String,java.lang.Integer,java.lang.String,java.lang.Integer,java.lang.String,java.util.List<java.lang.String>,java.lang.String)
2017-08-13 18:17:12.116  INFO 8128 --- [restartedMain] s.w.s.m.m.a.RequestMappingHandlerMapping : Mapped "{[/getAllExps],methods=[GET]}" onto public com.uci.mode.Response com.uci.api.ExpManagerController.getAllExps()
2017-08-13 18:17:12.116  INFO 8128 --- [restartedMain] s.w.s.m.m.a.RequestMappingHandlerMapping : Mapped "{[/getAllVersons],methods=[GET]}" onto public com.uci.mode.Response com.uci.api.ExpManagerController.getVersions()
2017-08-13 18:17:12.116  INFO 8128 --- [restartedMain] s.w.s.m.m.a.RequestMappingHandlerMapping : Mapped "{[/getExpDetail],methods=[GET]}" onto public com.uci.mode.Response com.uci.api.ExpManagerController.getExpDetail(java.lang.String)
2017-08-13 18:17:12.116  INFO 8128 --- [restartedMain] s.w.s.m.m.a.RequestMappingHandlerMapping : Mapped "{[/getAllChaosTypes],methods=[GET]}" onto public com.uci.mode.Response com.uci.api.ExpManagerController.getAllAttackTypes()
2017-08-13 18:17:12.116  INFO 8128 --- [restartedMain] s.w.s.m.m.a.RequestMappingHandlerMapping : Mapped "{[/error]}" onto public org.springframework.http.ResponseEntity<java.util.Map<java.lang.String, java.lang.Object>> org.springframework.boot.autoconfigure.web.BasicErrorController.error(javax.servlet.http.HttpServletRequest)
2017-08-13 18:17:12.116  INFO 8128 --- [restartedMain] s.w.s.m.m.a.RequestMappingHandlerMapping : Mapped "{[/error],produces=[text/html]}" onto public org.springframework.web.servlet.ModelAndView org.springframework.boot.autoconfigure.web.BasicErrorController.errorHtml(javax.servlet.http.HttpServletRequest,javax.servlet.http.HttpServletResponse)
2017-08-13 18:17:12.176  INFO 8128 --- [restartedMain] o.s.w.s.handler.SimpleUrlHandlerMapping  : Mapped URL path [/webjars/**] onto handler of type [class org.springframework.web.servlet.resource.ResourceHttpRequestHandler]
2017-08-13 18:17:12.176  INFO 8128 --- [restartedMain] o.s.w.s.handler.SimpleUrlHandlerMapping  : Mapped URL path [/**] onto handler of type [class org.springframework.web.servlet.resource.ResourceHttpRequestHandler]
2017-08-13 18:17:12.216  INFO 8128 --- [restartedMain] o.s.w.s.handler.SimpleUrlHandlerMapping  : Mapped URL path [/**/favicon.ico] onto handler of type [class org.springframework.web.servlet.resource.ResourceHttpRequestHandler]
2017-08-13 18:17:12.532  INFO 8128 --- [restartedMain] oConfiguration$WelcomePageHandlerMapping : Adding welcome page: class path resource [static/index.html]
2017-08-13 18:17:12.914  INFO 8128 --- [restartedMain] o.s.b.d.a.OptionalLiveReloadServer       : LiveReload server is running on port 35729
2017-08-13 18:17:13.080  INFO 8128 --- [restartedMain] o.s.j.e.a.AnnotationMBeanExporter        : Registering beans for JMX exposure on startup
2017-08-13 18:17:13.132  INFO 8128 --- [restartedMain] s.b.c.e.t.TomcatEmbeddedServletContainer : Tomcat started on port(s): 8001 (http)
2017-08-13 18:17:13.132  INFO 8128 --- [restartedMain] com.uci.ServerApplication                : Started ServerApplication in 5.666 seconds (JVM running for 8.501)
2017-08-13 18:17:45.874  INFO 8128 --- [http-nio-8001-exec-1] o.a.c.c.C.[Tomcat].[localhost].[/]       : Initializing Spring FrameworkServlet 'dispatcherServlet'
2017-08-13 18:17:45.875  INFO 8128 --- [http-nio-8001-exec-1] o.s.web.servlet.DispatcherServlet        : FrameworkServlet 'dispatcherServlet': initialization started
2017-08-13 18:17:45.900  INFO 8128 --- [http-nio-8001-exec-1] o.s.web.servlet.DispatcherServlet        : FrameworkServlet 'dispatcherServlet': initialization completed in 25 ms
